<?xml version="1.0" encoding="UTF-8"?>
<testng-results ignored="0" total="1" passed="1" failed="0" skipped="0">
  <reporter-output>
  </reporter-output>
  <suite started-at="2023-04-08T14:48:26 IST" name="Default suite" finished-at="2023-04-08T14:48:47 IST" duration-ms="20841">
    <groups>
    </groups>
    <test started-at="2023-04-08T14:48:26 IST" name="Default test" finished-at="2023-04-08T14:48:47 IST" duration-ms="20841">
      <class name="testcases.LoginTestCase">
        <test-method is-config="true" signature="launchChrome()[pri:0, instance:testcases.LoginTestCase@53aac487]" started-at="2023-04-08T14:48:26 IST" name="launchChrome" finished-at="2023-04-08T14:48:33 IST" duration-ms="6310" status="PASS">
          <reporter-output>
          </reporter-output>
        </test-method> <!-- launchChrome -->
        <test-method signature="validateLoginFunctionality()[pri:0, instance:testcases.LoginTestCase@53aac487]" started-at="2023-04-08T14:48:33 IST" name="validateLoginFunctionality" finished-at="2023-04-08T14:48:46 IST" duration-ms="13537" status="PASS">
          <reporter-output>
          </reporter-output>
        </test-method> <!-- validateLoginFunctionality -->
        <test-method is-config="true" signature="quitBrowser()[pri:0, instance:testcases.LoginTestCase@53aac487]" started-at="2023-04-08T14:48:46 IST" name="quitBrowser" finished-at="2023-04-08T14:48:47 IST" duration-ms="909" status="PASS">
          <reporter-output>
          </reporter-output>
        </test-method> <!-- quitBrowser -->
      </class> <!-- testcases.LoginTestCase -->
    </test> <!-- Default test -->
  </suite> <!-- Default suite -->
</testng-results>
